<?xml version="1.0" encoding="UTF-8"?>
<!-- Generated by org.testng.reporters.JUnitXMLReporter -->
<testsuite ignored="6" hostname="Sandhya-Laptop" failures="0" tests="5" name="Test" time="37.104" errors="0" timestamp="2024-08-14T15:21:23 IST">
  <testcase classname="com.OrangeHrm.Generic.BasePage" name="@AfterMethod logout" time="0.001">
    <failure type="java.lang.NullPointerException" message="Cannot invoke &amp;quot;com.relevantcodes.extentreports.ExtentReports.startTest(String)&amp;quot; because &amp;quot;this.er&amp;quot; is null">
      <![CDATA[java.lang.NullPointerException: Cannot invoke "com.relevantcodes.extentreports.ExtentReports.startTest(String)" because "this.er" is null
at com.OrangeHrm.Generic.BasePage.logout(BasePage.java:59)
at java.base/java.util.ArrayList.forEach(ArrayList.java:1511)
... Removed 32 stack frames]]>
    </failure>
  </testcase> <!-- @AfterMethod logout -->
  <testcase classname="com.OrangeHrm.Generic.BasePage" name="@AfterClass quitBrowser" time="-1.723629061451E9">
    <skipped/>
  </testcase> <!-- @AfterClass quitBrowser -->
  <testcase classname="com.OrangeHrm.Generic.BasePage" name="@AfterMethod logout" time="0.0">
    <failure type="java.lang.NullPointerException" message="Cannot invoke &amp;quot;com.relevantcodes.extentreports.ExtentReports.startTest(String)&amp;quot; because &amp;quot;this.er&amp;quot; is null">
      <![CDATA[java.lang.NullPointerException: Cannot invoke "com.relevantcodes.extentreports.ExtentReports.startTest(String)" because "this.er" is null
at com.OrangeHrm.Generic.BasePage.logout(BasePage.java:59)
at java.base/java.util.ArrayList.forEach(ArrayList.java:1511)
... Removed 32 stack frames]]>
    </failure>
  </testcase> <!-- @AfterMethod logout -->
  <testcase classname="com.OrangeHrm.Generic.BasePage" name="@AfterClass quitBrowser" time="-1.723629068856E9">
    <skipped/>
  </testcase> <!-- @AfterClass quitBrowser -->
  <testcase classname="com.OrangeHrm.Generic.BasePage" name="@AfterMethod logout" time="0.001">
    <failure type="java.lang.NullPointerException" message="Cannot invoke &amp;quot;com.relevantcodes.extentreports.ExtentReports.startTest(String)&amp;quot; because &amp;quot;this.er&amp;quot; is null">
      <![CDATA[java.lang.NullPointerException: Cannot invoke "com.relevantcodes.extentreports.ExtentReports.startTest(String)" because "this.er" is null
at com.OrangeHrm.Generic.BasePage.logout(BasePage.java:59)
at java.base/java.util.ArrayList.forEach(ArrayList.java:1511)
... Removed 32 stack frames]]>
    </failure>
  </testcase> <!-- @AfterMethod logout -->
  <testcase classname="com.OrangeHrm.Generic.BasePage" name="@BeforeMethod login" time="-1.723629083567E9">
    <skipped/>
  </testcase> <!-- @BeforeMethod login -->
  <testcase classname="com.OrangeHrm.Generic.BasePage" name="@AfterMethod logout" time="-1.723629083571E9">
    <skipped/>
  </testcase> <!-- @AfterMethod logout -->
  <testcase classname="com.OrangeHrm.Generic.BasePage" name="@AfterClass quitBrowser" time="-1.723629083573E9">
    <skipped/>
  </testcase> <!-- @AfterClass quitBrowser -->
  <testcase classname="com.OrangeHrm.TestCases.TestCase2" name="getUrl" time="0.009"/>
  <testcase classname="com.OrangeHrm.TestCases.TestCase1" name="title" time="1.102"/>
  <testcase classname="com.OrangeHrm.TestCases.AdminpageDisplayed" name="AdminDisplay" time="1.568"/>
  <testcase classname="com.OrangeHrm.TestCases.TestCase3" name="addEmployee" time="3.719"/>
  <testcase classname="com.OrangeHrm.TestCases.TestCase3" name="addEmployee" time="0.0">
    <skipped/>
  </testcase> <!-- addEmployee -->
  <testcase classname="com.OrangeHrm.Generic.BasePage" name="@AfterTest ReportClosure" time="0.0">
    <ignored/>
  </testcase> <!-- @AfterTest ReportClosure -->
  <testcase classname="com.OrangeHrm.Generic.BasePage" name="@AfterTest ReportClosure" time="0.0">
    <ignored/>
  </testcase> <!-- @AfterTest ReportClosure -->
  <testcase classname="com.OrangeHrm.Generic.BasePage" name="@AfterTest ReportClosure" time="0.0">
    <ignored/>
  </testcase> <!-- @AfterTest ReportClosure -->
  <testcase classname="com.OrangeHrm.Generic.BasePage" name="@BeforeTest ReportConfig" time="0.0">
    <ignored/>
  </testcase> <!-- @BeforeTest ReportConfig -->
  <testcase classname="com.OrangeHrm.Generic.BasePage" name="@BeforeTest ReportConfig" time="0.0">
    <ignored/>
  </testcase> <!-- @BeforeTest ReportConfig -->
  <testcase classname="com.OrangeHrm.Generic.BasePage" name="@BeforeTest ReportConfig" time="0.0">
    <ignored/>
  </testcase> <!-- @BeforeTest ReportConfig -->
</testsuite> <!-- Test -->
